<?xml version="1.0" encoding="UTF-8"?>
<!-- Generated by org.testng.reporters.JUnitReportReporter -->
<testsuite hostname="DESKTOP-FVL7V1F" failures="0" tests="1" name="TestCases_page.Adminlogin" time="2.804" errors="0" timestamp="2023-08-01T21:21:27 IST" skipped="0">
  <testcase classname="TestCases_page.Adminlogin" name="checkAdminLogin" time="2.804"/>
</testsuite> <!-- TestCases_page.Adminlogin -->
