<?xml version="1.0" encoding="UTF-8"?>
<!-- Generated by org.testng.reporters.JUnitReportReporter -->
<testsuite hostname="DESKTOP-FVL7V1F" failures="0" tests="1" name="TestCases_page.Employee_registration_test" time="33.001" errors="0" timestamp="2023-08-01T21:21:27 IST" skipped="0">
  <testcase classname="TestCases_page.Employee_registration_test" name="EmpReg" time="33.001"/>
</testsuite> <!-- TestCases_page.Employee_registration_test -->
