<?xml version="1.0" encoding="UTF-8"?>
<!-- Generated by org.testng.reporters.JUnitReportReporter -->
<testsuite hostname="DESKTOP-FVL7V1F" failures="0" tests="1" name="TestCases_page.OrangeHRM_TestSuit" time="3.640" errors="0" timestamp="2023-07-17T16:07:36 IST" skipped="0">
  <testcase classname="TestCases_page.OrangeHRM_TestSuit" name="checkAdminLogin" time="3.640"/>
</testsuite> <!-- TestCases_page.OrangeHRM_TestSuit -->
